<?xml version="1.0" encoding="UTF-8"?>
<!-- Generated by org.testng.reporters.JUnitReportReporter -->
<testsuite skipped="0" hostname="aasrs" name="com.restapi.phillips.testData.getData" tests="2" failures="0" timestamp="16 Feb 2020 17:35:05 GMT" time="16.617" errors="0">
  <testcase name="testResponse" time="4.929" classname="com.restapi.phillips.testData.getData"/>
  <testcase name="testData" time="11.688" classname="com.restapi.phillips.testData.getData"/>
</testsuite> <!-- com.restapi.phillips.testData.getData -->
