<?xml version="1.0" encoding="UTF-8"?>
<!-- Generated by org.testng.reporters.JUnitReportReporter -->
<testsuite hostname="aasrs" name="com.qa.tests.GetAPITest" tests="1" failures="0" timestamp="29 Mar 2020 17:30:30 GMT" time="11.646" errors="0">
  <testcase name="getTest" time="11.646" classname="com.qa.tests.GetAPITest"/>
</testsuite> <!-- com.qa.tests.GetAPITest -->
