<?xml version="1.0" encoding="UTF-8"?>
<!-- Generated by org.testng.reporters.JUnitReportReporter -->
<testsuite hostname="DESKTOP-OEM6NU5" name="com.crm.qa.testcase.LoginPageTest" tests="2" failures="0" timestamp="15 Oct 2020 06:32:56 GMT" time="86.597" errors="0">
  <testcase name="loginTest" time="50.405" classname="com.crm.qa.testcase.LoginPageTest"/>
  <testcase name="loginpageTileTest" time="36.192" classname="com.crm.qa.testcase.LoginPageTest"/>
</testsuite> <!-- com.crm.qa.testcase.LoginPageTest -->
